<?xml version="1.0" encoding="UTF-8"?>
<testng-results skipped="0" failed="0" ignored="0" total="1" passed="1">
  <reporter-output>
  </reporter-output>
  <suite name="Default suite" duration-ms="48757" started-at="2020-03-30T07:34:22Z" finished-at="2020-03-30T07:35:11Z">
    <groups>
    </groups>
    <test name="Default test" duration-ms="48757" started-at="2020-03-30T07:34:22Z" finished-at="2020-03-30T07:35:11Z">
      <class name="com.test.Demo">
        <test-method status="PASS" signature="Demo()[pri:0, instance:com.test.Demo@6cc4c815]" name="Demo" duration-ms="48605" started-at="2020-03-30T13:04:23Z" finished-at="2020-03-30T13:05:11Z">
          <reporter-output>
          </reporter-output>
        </test-method> <!-- Demo -->
      </class> <!-- com.test.Demo -->
    </test> <!-- Default test -->
  </suite> <!-- Default suite -->
</testng-results>
